[debug] [2023-07-25T07:11:42.375Z] ----------------------------------------------------------------------
[debug] [2023-07-25T07:11:42.376Z] Command:       C:\Program Files\nodejs\node.exe C:\Users\jjohnson\AppData\Roaming\npm\node_modules\firebase-tools\lib\bin\firebase.js init
[debug] [2023-07-25T07:11:42.376Z] CLI Version:   12.4.5
[debug] [2023-07-25T07:11:42.376Z] Platform:      win32
[debug] [2023-07-25T07:11:42.377Z] Node Version:  v16.13.2
[debug] [2023-07-25T07:11:42.377Z] Time:          Tue Jul 25 2023 09:11:42 GMT+0200 (heure d’été d’Europe centrale)
[debug] [2023-07-25T07:11:42.378Z] ----------------------------------------------------------------------
[debug] 
[debug] [2023-07-25T07:11:42.380Z] >>> [apiv2][query] GET https://firebase-public.firebaseio.com/cli.json [none]
[debug] [2023-07-25T07:11:42.393Z] > command requires scopes: ["email","openid","https://www.googleapis.com/auth/cloudplatformprojects.readonly","https://www.googleapis.com/auth/firebase","https://www.googleapis.com/auth/cloud-platform"]
[debug] [2023-07-25T07:11:42.393Z] > authorizing via signed-in user (johnsonjw48@gmail.com)
[info] 
     ######## #### ########  ######## ########     ###     ######  ########
     ##        ##  ##     ## ##       ##     ##  ##   ##  ##       ##
     ######    ##  ########  ######   ########  #########  ######  ######
     ##        ##  ##    ##  ##       ##     ## ##     ##       ## ##
     ##       #### ##     ## ######## ########  ##     ##  ######  ########

You're about to initialize a Firebase project in this directory:

  C:\Users\jjohnson\Desktop\Perso\Consult Consultancy and Agency React NextJS Landing Pages\src-code\app

[debug] [2023-07-25T07:11:42.647Z] <<< [apiv2][status] GET https://firebase-public.firebaseio.com/cli.json 200
[debug] [2023-07-25T07:11:42.648Z] <<< [apiv2][body] GET https://firebase-public.firebaseio.com/cli.json {"cloudBuildErrorAfter":1594252800000,"cloudBuildWarnAfter":1590019200000,"defaultNode10After":1594252800000,"minVersion":"3.0.5","node8DeploysDisabledAfter":1613390400000,"node8RuntimeDisabledAfter":1615809600000,"node8WarnAfter":1600128000000}
[info] 
=== Project Setup
[info] 
[info] First, let's associate this project directory with a Firebase project.
[info] You can create multiple project aliases by running firebase use --add, 
[info] but for now we'll just set up a default project.
[info] 
[debug] [2023-07-25T07:12:06.621Z] > refreshing access token with scopes: []
[debug] [2023-07-25T07:12:06.623Z] >>> [apiv2][query] POST https://www.googleapis.com/oauth2/v3/token [none]
[debug] [2023-07-25T07:12:06.623Z] >>> [apiv2][body] POST https://www.googleapis.com/oauth2/v3/token [omitted]
[debug] [2023-07-25T07:12:06.686Z] <<< [apiv2][status] POST https://www.googleapis.com/oauth2/v3/token 200
[debug] [2023-07-25T07:12:06.687Z] <<< [apiv2][body] POST https://www.googleapis.com/oauth2/v3/token [omitted]
[debug] [2023-07-25T07:12:06.693Z] >>> [apiv2][query] GET https://firebase.googleapis.com/v1beta1/projects pageSize=100
[debug] [2023-07-25T07:12:07.090Z] <<< [apiv2][status] GET https://firebase.googleapis.com/v1beta1/projects 200
[debug] [2023-07-25T07:12:07.090Z] <<< [apiv2][body] GET https://firebase.googleapis.com/v1beta1/projects [omitted]
[info] i  Using project warrentrading-ac9b6 (WARRENTRADING) 
[info] 
=== Hosting Setup
[info] 
[info] Your public directory is the folder (relative to your project directory) that
[info] will contain Hosting assets to be uploaded with firebase deploy. If you
[info] have a build process for your assets, use your build's output directory.
[info] 
